<?xml version="1.0" encoding="UTF-8"?>
<!-- Generated by org.testng.reporters.JUnitXMLReporter -->
<testsuite hostname="Home-ПК" name="Test1" tests="20" failures="4" timestamp="4 Jul 2016 14:31:56 GMT" time="257.445" errors="0">
  <testcase name="EditWithoutChecking" time="15.484" classname="com.softserve.edu.Demo1"/>
  <testcase name="EditWithoutChecking" time="7.75" classname="com.softserve.edu.Demo1"/>
  <testcase name="EditManyChecking" time="12.194" classname="com.softserve.edu.Demo1"/>
  <testcase name="EditManyChecking" time="7.499" classname="com.softserve.edu.Demo1"/>
  <testcase name="EditOneChecking" time="14.949" classname="com.softserve.edu.Demo1"/>
  <testcase name="EditOneChecking" time="9.359" classname="com.softserve.edu.Demo1"/>
  <testcase name="EditAndReturn" time="14.21" classname="com.softserve.edu.Demo1"/>
  <testcase name="EditAndReturn" time="14.461" classname="com.softserve.edu.Demo1"/>
  <testcase name="EditAndRefresh" time="14.915" classname="com.softserve.edu.Demo1"/>
  <testcase name="EditAndRefresh" time="8.917" classname="com.softserve.edu.Demo1"/>
  <testcase name="EditWithoutChecking" time="11.523" classname="com.softserve.edu.EditFuncV1"/>
  <testcase name="EditWithoutChecking" time="7.907" classname="com.softserve.edu.EditFuncV1"/>
  <testcase name="EditManyChecking" time="13.225" classname="com.softserve.edu.EditFuncV1"/>
  <testcase name="EditManyChecking" time="7.859" classname="com.softserve.edu.EditFuncV1"/>
  <testcase name="EditOneChecking" time="18.726" classname="com.softserve.edu.EditFuncV1">
    <failure type="org.openqa.selenium.NoSuchElementException" message="Unable to locate element: {&amp;quot;method&amp;quot;:&amp;quot;xpath&amp;quot;,&amp;quot;selector&amp;quot;:&amp;quot;//td[text()=&amp;apos;987&amp;apos;]&amp;quot;}
Command duration or timeout: 5.10 seconds
For documentation on this error, please visit: http://seleniumhq.org/exceptions/no_such_element.html
Build info: version: &amp;apos;2.52.0&amp;apos;, revision: &amp;apos;4c2593c&amp;apos;, time: &amp;apos;2016-02-11 19:06:42&amp;apos;
System info: host: &amp;apos;Home-ПК&amp;apos;, ip: &amp;apos;192.168.0.103&amp;apos;, os.name: &amp;apos;Windows 7&amp;apos;, os.arch: &amp;apos;x86&amp;apos;, os.version: &amp;apos;6.1&amp;apos;, java.version: &amp;apos;1.8.0_91&amp;apos;
Driver info: org.openqa.selenium.firefox.FirefoxDriver
Capabilities [{applicationCacheEnabled=true, rotatable=false, handlesAlerts=true, databaseEnabled=true, version=46.0.1, platform=WINDOWS, nativeEvents=false, acceptSslCerts=true, webStorageEnabled=true, locationContextEnabled=true, browserName=firefox, takesScreenshot=true, javascriptEnabled=true, cssSelectorsEnabled=true}]
Session ID: 6138e888-f1f5-469b-a64e-5bb5e4075419
*** Element info: {Using=xpath, value=//td[text()=&amp;apos;987&amp;apos;]}">
      <![CDATA[org.openqa.selenium.NoSuchElementException: Unable to locate element: {"method":"xpath","selector":"//td[text()='987']"}
Command duration or timeout: 5.10 seconds
For documentation on this error, please visit: http://seleniumhq.org/exceptions/no_such_element.html
Build info: version: '2.52.0', revision: '4c2593c', time: '2016-02-11 19:06:42'
System info: host: 'Home-ПК', ip: '192.168.0.103', os.name: 'Windows 7', os.arch: 'x86', os.version: '6.1', java.version: '1.8.0_91'
Driver info: org.openqa.selenium.firefox.FirefoxDriver
Capabilities [{applicationCacheEnabled=true, rotatable=false, handlesAlerts=true, databaseEnabled=true, version=46.0.1, platform=WINDOWS, nativeEvents=false, acceptSslCerts=true, webStorageEnabled=true, locationContextEnabled=true, browserName=firefox, takesScreenshot=true, javascriptEnabled=true, cssSelectorsEnabled=true}]
Session ID: 6138e888-f1f5-469b-a64e-5bb5e4075419
*** Element info: {Using=xpath, value=//td[text()='987']}
	at org.openqa.selenium.remote.ErrorHandler.createThrowable(ErrorHandler.java:206)
	at org.openqa.selenium.remote.ErrorHandler.throwIfResponseFailed(ErrorHandler.java:158)
	at org.openqa.selenium.remote.RemoteWebDriver.execute(RemoteWebDriver.java:678)
	at org.openqa.selenium.remote.RemoteWebDriver.findElement(RemoteWebDriver.java:363)
	at org.openqa.selenium.remote.RemoteWebDriver.findElementByXPath(RemoteWebDriver.java:500)
	at org.openqa.selenium.By$ByXPath.findElement(By.java:361)
	at org.openqa.selenium.remote.RemoteWebDriver.findElement(RemoteWebDriver.java:355)
	at com.softserve.edu.EditFuncV1.EditOneChecking(EditFuncV1.java:118)
Caused by: org.openqa.selenium.NoSuchElementException: Unable to locate element: {"method":"xpath","selector":"//td[text()='987']"}
For documentation on this error, please visit: http://seleniumhq.org/exceptions/no_such_element.html
Build info: version: '2.52.0', revision: '4c2593c', time: '2016-02-11 19:06:42'
System info: host: 'Home-ПК', ip: '192.168.0.103', os.name: 'Windows 7', os.arch: 'x86', os.version: '6.1', java.version: '1.8.0_91'
Driver info: driver.version: unknown
	at <anonymous class>.FirefoxDriver.prototype.findElementInternal_(file:///C:/Users/Home/AppData/Local/Temp/anonymous8205190137930235595webdriver-profile/extensions/fxdriver@googlecode.com/components/driver-component.js:10723)
	at <anonymous class>.fxdriver.Timer.prototype.setTimeout/<.notify(file:///C:/Users/Home/AppData/Local/Temp/anonymous8205190137930235595webdriver-profile/extensions/fxdriver@googlecode.com/components/driver-component.js:623)
... Removed 28 stack frames]]>
    </failure>
  </testcase> <!-- EditOneChecking -->
  <testcase name="EditOneChecking" time="15.235" classname="com.softserve.edu.EditFuncV1">
    <failure type="org.openqa.selenium.NoSuchElementException" message="no such element: Unable to locate element: {&amp;quot;method&amp;quot;:&amp;quot;xpath&amp;quot;,&amp;quot;selector&amp;quot;:&amp;quot;//td[text()=&amp;apos;987&amp;apos;]&amp;quot;}
  (Session info: chrome=51.0.2704.103)
  (Driver info: chromedriver=2.22.397933 (1cab651507b88dec79b2b2a22d1943c01833cc1b),platform=Windows NT 6.1.7600 x86) (WARNING: The server did not provide any stacktrace information)
Command duration or timeout: 5.02 seconds
For documentation on this error, please visit: http://seleniumhq.org/exceptions/no_such_element.html
Build info: version: &amp;apos;2.52.0&amp;apos;, revision: &amp;apos;4c2593c&amp;apos;, time: &amp;apos;2016-02-11 19:06:42&amp;apos;
System info: host: &amp;apos;Home-ПК&amp;apos;, ip: &amp;apos;192.168.0.103&amp;apos;, os.name: &amp;apos;Windows 7&amp;apos;, os.arch: &amp;apos;x86&amp;apos;, os.version: &amp;apos;6.1&amp;apos;, java.version: &amp;apos;1.8.0_91&amp;apos;
Driver info: org.openqa.selenium.chrome.ChromeDriver
Capabilities [{applicationCacheEnabled=false, rotatable=false, mobileEmulationEnabled=false, chrome={chromedriverVersion=2.22.397933 (1cab651507b88dec79b2b2a22d1943c01833cc1b), userDataDir=C:\Users\Home\AppData\Local\Temp\scoped_dir4980_6325}, takesHeapSnapshot=true, databaseEnabled=false, handlesAlerts=true, hasTouchScreen=false, version=51.0.2704.103, platform=XP, browserConnectionEnabled=false, nativeEvents=true, acceptSslCerts=true, locationContextEnabled=true, webStorageEnabled=true, browserName=chrome, takesScreenshot=true, javascriptEnabled=true, cssSelectorsEnabled=true}]
Session ID: bbd1ee23a60f94b59081319b53c8541c
*** Element info: {Using=xpath, value=//td[text()=&amp;apos;987&amp;apos;]}">
      <![CDATA[org.openqa.selenium.NoSuchElementException: no such element: Unable to locate element: {"method":"xpath","selector":"//td[text()='987']"}
  (Session info: chrome=51.0.2704.103)
  (Driver info: chromedriver=2.22.397933 (1cab651507b88dec79b2b2a22d1943c01833cc1b),platform=Windows NT 6.1.7600 x86) (WARNING: The server did not provide any stacktrace information)
Command duration or timeout: 5.02 seconds
For documentation on this error, please visit: http://seleniumhq.org/exceptions/no_such_element.html
Build info: version: '2.52.0', revision: '4c2593c', time: '2016-02-11 19:06:42'
System info: host: 'Home-ПК', ip: '192.168.0.103', os.name: 'Windows 7', os.arch: 'x86', os.version: '6.1', java.version: '1.8.0_91'
Driver info: org.openqa.selenium.chrome.ChromeDriver
Capabilities [{applicationCacheEnabled=false, rotatable=false, mobileEmulationEnabled=false, chrome={chromedriverVersion=2.22.397933 (1cab651507b88dec79b2b2a22d1943c01833cc1b), userDataDir=C:\Users\Home\AppData\Local\Temp\scoped_dir4980_6325}, takesHeapSnapshot=true, databaseEnabled=false, handlesAlerts=true, hasTouchScreen=false, version=51.0.2704.103, platform=XP, browserConnectionEnabled=false, nativeEvents=true, acceptSslCerts=true, locationContextEnabled=true, webStorageEnabled=true, browserName=chrome, takesScreenshot=true, javascriptEnabled=true, cssSelectorsEnabled=true}]
Session ID: bbd1ee23a60f94b59081319b53c8541c
*** Element info: {Using=xpath, value=//td[text()='987']}
	at org.openqa.selenium.remote.ErrorHandler.createThrowable(ErrorHandler.java:206)
	at org.openqa.selenium.remote.ErrorHandler.throwIfResponseFailed(ErrorHandler.java:158)
	at org.openqa.selenium.remote.RemoteWebDriver.execute(RemoteWebDriver.java:678)
	at org.openqa.selenium.remote.RemoteWebDriver.findElement(RemoteWebDriver.java:363)
	at org.openqa.selenium.remote.RemoteWebDriver.findElementByXPath(RemoteWebDriver.java:500)
	at org.openqa.selenium.By$ByXPath.findElement(By.java:361)
	at org.openqa.selenium.remote.RemoteWebDriver.findElement(RemoteWebDriver.java:355)
	at com.softserve.edu.EditFuncV1.EditOneChecking(EditFuncV1.java:118)
... Removed 28 stack frames]]>
    </failure>
  </testcase> <!-- EditOneChecking -->
  <testcase name="EditAndReturn" time="13.652" classname="com.softserve.edu.EditFuncV1">
    <failure type="java.lang.AssertionError" message="expected [Cat0, Cat1] but found [Cat0; Cat1]">
      <![CDATA[java.lang.AssertionError: expected [Cat0, Cat1] but found [Cat0; Cat1]
	at com.softserve.edu.EditFuncV1.EditAndReturn(EditFuncV1.java:169)
... Removed 29 stack frames]]>
    </failure>
  </testcase> <!-- EditAndReturn -->
  <testcase name="EditAndReturn" time="15.226" classname="com.softserve.edu.EditFuncV1">
    <failure type="java.lang.AssertionError" message="expected [Cat0, Cat1] but found [Cat0; Cat1]">
      <![CDATA[java.lang.AssertionError: expected [Cat0, Cat1] but found [Cat0; Cat1]
	at com.softserve.edu.EditFuncV1.EditAndReturn(EditFuncV1.java:169)
... Removed 29 stack frames]]>
    </failure>
  </testcase> <!-- EditAndReturn -->
  <testcase name="EditAndRefresh" time="20.355" classname="com.softserve.edu.EditFuncV1"/>
  <testcase name="EditAndRefresh" time="13.841" classname="com.softserve.edu.EditFuncV1"/>
</testsuite> <!-- Test1 -->
