<?xml version="1.0" encoding="UTF-8"?><report><report-name value="checkReloadMessage"></report-name><report-description value="proof of concept"></report-description><report-start-datetime value="24 серп. 2016 15:52:09.661 PM"></report-start-datetime><start-report-metadata value="72,5 MB" key="Test process RAM"></start-report-metadata><start-report-metadata value="n/a" key="Test process CPU"></start-report-metadata><start-report-metadata value="n/a" key="CPU Load"></start-report-metadata><start-report-metadata value="937,0 MB" key="RAM available"></start-report-metadata><message time="24 серп., 15:52:09.721" level="ERROR" message="&quot;The driver executable does not exist: C:\home\bohdan\Downloads\chromedriver&quot;
StackTrace:
java.lang.IllegalStateException: The driver executable does not exist: C:\home\bohdan\Downloads\chromedriver
	at com.google.common.base.Preconditions.checkState(Preconditions.java:197)
	at org.openqa.selenium.remote.service.DriverService.checkExecutable(DriverService.java:117)
	at org.openqa.selenium.remote.service.DriverService.findExecutable(DriverService.java:112)
	at org.openqa.selenium.chrome.ChromeDriverService.createDefaultService(ChromeDriverService.java:75)
	at org.openqa.selenium.chrome.ChromeDriver.&lt;init&gt;(ChromeDriver.java:107)
	at com.softserve.edu.magento.tools.BrowserRepository$ChromeTemporary.getBrowser(BrowserRepository.java:28)
	at com.softserve.edu.magento.tools.BrowserRepository$BrowsersList.getWebDriver(BrowserRepository.java:97)
	at com.softserve.edu.magento.tools.Application.startBrowser(Application.java:35)
	at com.softserve.edu.magento.tools.Application.&lt;init&gt;(Application.java:19)
	at com.softserve.edu.magento.pages.admin.ApplicationAdmin.&lt;init&gt;(ApplicationAdmin.java:14)
	at com.softserve.edu.magento.pages.admin.ApplicationAdmin.get(ApplicationAdmin.java:18)
	at com.softserve.edu.magento.tests.SmokeTestsDashboard.checkReloadMessage(SmokeTestsDashboard.java:90)
	at sun.reflect.NativeMethodAccessorImpl.invoke0(Native Method)
	at sun.reflect.NativeMethodAccessorImpl.invoke(NativeMethodAccessorImpl.java:62)
	at sun.reflect.DelegatingMethodAccessorImpl.invoke(DelegatingMethodAccessorImpl.java:43)
	at java.lang.reflect.Method.invoke(Method.java:497)
	at org.testng.internal.MethodInvocationHelper.invokeMethod(MethodInvocationHelper.java:86)
	at org.testng.internal.Invoker.invokeMethod(Invoker.java:643)
	at org.testng.internal.Invoker.invokeTestMethod(Invoker.java:820)
	at org.testng.internal.TestMethodWithDataProviderMethodWorker.call(TestMethodWithDataProviderMethodWorker.java:75)
	at org.testng.internal.TestMethodWithDataProviderMethodWorker.call(TestMethodWithDataProviderMethodWorker.java:14)
	at java.util.concurrent.FutureTask.run(FutureTask.java:266)
	at java.util.concurrent.Executors$RunnableAdapter.call(Executors.java:511)
	at java.util.concurrent.FutureTask.run(FutureTask.java:266)
	at java.util.concurrent.ThreadPoolExecutor.runWorker(ThreadPoolExecutor.java:1142)
	at java.util.concurrent.ThreadPoolExecutor$Worker.run(ThreadPoolExecutor.java:617)
	at java.lang.Thread.run(Thread.java:745)
">"The driver executable does not exist: C:\home\bohdan\Downloads\chromedriver"
StackTrace:
java.lang.IllegalStateException: The driver executable does not exist: C:\home\bohdan\Downloads\chromedriver
	at com.google.common.base.Preconditions.checkState(Preconditions.java:197)
	at org.openqa.selenium.remote.service.DriverService.checkExecutable(DriverService.java:117)
	at org.openqa.selenium.remote.service.DriverService.findExecutable(DriverService.java:112)
	at org.openqa.selenium.chrome.ChromeDriverService.createDefaultService(ChromeDriverService.java:75)
	at org.openqa.selenium.chrome.ChromeDriver.&lt;init&gt;(ChromeDriver.java:107)
	at com.softserve.edu.magento.tools.BrowserRepository$ChromeTemporary.getBrowser(BrowserRepository.java:28)
	at com.softserve.edu.magento.tools.BrowserRepository$BrowsersList.getWebDriver(BrowserRepository.java:97)
	at com.softserve.edu.magento.tools.Application.startBrowser(Application.java:35)
	at com.softserve.edu.magento.tools.Application.&lt;init&gt;(Application.java:19)
	at com.softserve.edu.magento.pages.admin.ApplicationAdmin.&lt;init&gt;(ApplicationAdmin.java:14)
	at com.softserve.edu.magento.pages.admin.ApplicationAdmin.get(ApplicationAdmin.java:18)
	at com.softserve.edu.magento.tests.SmokeTestsDashboard.checkReloadMessage(SmokeTestsDashboard.java:90)
	at sun.reflect.NativeMethodAccessorImpl.invoke0(Native Method)
	at sun.reflect.NativeMethodAccessorImpl.invoke(NativeMethodAccessorImpl.java:62)
	at sun.reflect.DelegatingMethodAccessorImpl.invoke(DelegatingMethodAccessorImpl.java:43)
	at java.lang.reflect.Method.invoke(Method.java:497)
	at org.testng.internal.MethodInvocationHelper.invokeMethod(MethodInvocationHelper.java:86)
	at org.testng.internal.Invoker.invokeMethod(Invoker.java:643)
	at org.testng.internal.Invoker.invokeTestMethod(Invoker.java:820)
	at org.testng.internal.TestMethodWithDataProviderMethodWorker.call(TestMethodWithDataProviderMethodWorker.java:75)
	at org.testng.internal.TestMethodWithDataProviderMethodWorker.call(TestMethodWithDataProviderMethodWorker.java:14)
	at java.util.concurrent.FutureTask.run(FutureTask.java:266)
	at java.util.concurrent.Executors$RunnableAdapter.call(Executors.java:511)
	at java.util.concurrent.FutureTask.run(FutureTask.java:266)
	at java.util.concurrent.ThreadPoolExecutor.runWorker(ThreadPoolExecutor.java:1142)
	at java.util.concurrent.ThreadPoolExecutor$Worker.run(ThreadPoolExecutor.java:617)
	at java.lang.Thread.run(Thread.java:745)
<br></br></message><message time="2016/08/24 15:52:10.061" level="INFO"><a href="img\checkReloadMessage.xml.png"><img src="img\checkReloadMessage.xml_thumb.png"></img></a></message><message time="24 серп., 15:52:10.071" level="VERBOSE" message="SmokeTestsDashboard.checkReloadMessage(com.softserve.edu.magento.data.ApplicationSources@65c48c21, com.softserve.edu.magento.data.admin.AdminUser@45c20bb6) Elapsed = 390 ms.">SmokeTestsDashboard.checkReloadMessage(com.softserve.edu.magento.data.ApplicationSources@65c48c21, com.softserve.edu.magento.data.admin.AdminUser@45c20bb6) Elapsed = 390 ms.<br></br></message><message time="24 серп., 15:52:10.071" level="FAILURE" message="Test result message">Test result message<br></br></message><message time="24 серп., 15:52:10.491" level="FAILURE" message="Test Result">Test Result<br></br></message><end-report-metadata value="59,6 MB" key="Test process RAM"></end-report-metadata><end-report-metadata value="n/a" key="Test process CPU"></end-report-metadata><end-report-metadata value="00:00:03.011" key="Test Duration"></end-report-metadata><end-report-metadata value="1" key="Number of unique BMs calls"></end-report-metadata><end-report-metadata value="n/a" key="CPU Load"></end-report-metadata><end-report-metadata value="1" key="Number of BMs calls"></end-report-metadata><end-report-metadata value="902,8 MB" key="RAM available"></end-report-metadata></report><?xml-stylesheet type='text/xsl' href='checkReloadMessage.html.xslt'?>