<?xml version="1.0" encoding="UTF-8"?><report><report-name value="checkAdminLogon2"></report-name><report-description value="proof of concept"></report-description><report-start-datetime value="15 серп. 2016 11:27:57.136 AM"></report-start-datetime><start-report-metadata value="41,7 MB" key="Test process RAM"></start-report-metadata><start-report-metadata value="0.0%" key="Test process CPU"></start-report-metadata><start-report-metadata value="0.0%" key="CPU Load"></start-report-metadata><start-report-metadata value="26,9 MB" key="RAM available"></start-report-metadata><message time="15 серп., 11:27:57.686" level="ERROR" message="&quot;The driver executable does not exist: /Users/yarynakharko/Documents/workspace/lv186/C:\Program Files (x86)\Google\Chrome\Application\chromedriver.exe&quot;
StackTrace:
java.lang.IllegalStateException: The driver executable does not exist: /Users/yarynakharko/Documents/workspace/lv186/C:\Program Files (x86)\Google\Chrome\Application\chromedriver.exe
	at com.google.common.base.Preconditions.checkState(Preconditions.java:197)
	at org.openqa.selenium.remote.service.DriverService.checkExecutable(DriverService.java:117)
	at org.openqa.selenium.remote.service.DriverService.findExecutable(DriverService.java:112)
	at org.openqa.selenium.chrome.ChromeDriverService.createDefaultService(ChromeDriverService.java:75)
	at org.openqa.selenium.chrome.ChromeDriver.&lt;init&gt;(ChromeDriver.java:107)
	at com.softserve.edu.magento.tools.BrowserRepository$ChromeTemporary.getBrowser(BrowserRepository.java:26)
	at com.softserve.edu.magento.tools.BrowserRepository$BrowsersList.getWebDriver(BrowserRepository.java:83)
	at com.softserve.edu.magento.tools.Application.startBrowser(Application.java:35)
	at com.softserve.edu.magento.tools.Application.&lt;init&gt;(Application.java:19)
	at com.softserve.edu.magento.pages.admin.ApplicationAdmin.&lt;init&gt;(ApplicationAdmin.java:14)
	at com.softserve.edu.magento.pages.admin.ApplicationAdmin.get(ApplicationAdmin.java:18)
	at com.softserve.edu.magento.tests.PreSmokeTest.checkAdminLogon2(PreSmokeTest.java:93)
	at sun.reflect.NativeMethodAccessorImpl.invoke0(Native Method)
	at sun.reflect.NativeMethodAccessorImpl.invoke(NativeMethodAccessorImpl.java:62)
	at sun.reflect.DelegatingMethodAccessorImpl.invoke(DelegatingMethodAccessorImpl.java:43)
	at java.lang.reflect.Method.invoke(Method.java:498)
	at org.testng.internal.MethodInvocationHelper.invokeMethod(MethodInvocationHelper.java:86)
	at org.testng.internal.Invoker.invokeMethod(Invoker.java:643)
	at org.testng.internal.Invoker.invokeTestMethod(Invoker.java:820)
	at org.testng.internal.Invoker.invokeTestMethods(Invoker.java:1128)
	at org.testng.internal.TestMethodWorker.invokeTestMethods(TestMethodWorker.java:129)
	at org.testng.internal.TestMethodWorker.run(TestMethodWorker.java:112)
	at org.testng.TestRunner.privateRun(TestRunner.java:782)
	at org.testng.TestRunner.run(TestRunner.java:632)
	at org.testng.SuiteRunner.runTest(SuiteRunner.java:366)
	at org.testng.SuiteRunner.runSequentially(SuiteRunner.java:361)
	at org.testng.SuiteRunner.privateRun(SuiteRunner.java:319)
	at org.testng.SuiteRunner.run(SuiteRunner.java:268)
	at org.testng.SuiteRunnerWorker.runSuite(SuiteRunnerWorker.java:52)
	at org.testng.SuiteRunnerWorker.run(SuiteRunnerWorker.java:86)
	at org.testng.TestNG.runSuitesSequentially(TestNG.java:1244)
	at org.testng.TestNG.runSuitesLocally(TestNG.java:1169)
	at org.testng.TestNG.run(TestNG.java:1064)
	at org.apache.maven.surefire.testng.TestNGExecutor.run(TestNGExecutor.java:281)
	at org.apache.maven.surefire.testng.TestNGXmlTestSuite.execute(TestNGXmlTestSuite.java:75)
	at org.apache.maven.surefire.testng.TestNGProvider.invoke(TestNGProvider.java:121)
	at org.apache.maven.surefire.booter.ForkedBooter.invokeProviderInSameClassLoader(ForkedBooter.java:290)
	at org.apache.maven.surefire.booter.ForkedBooter.runSuitesInProcess(ForkedBooter.java:242)
	at org.apache.maven.surefire.booter.ForkedBooter.main(ForkedBooter.java:121)
">"The driver executable does not exist: /Users/yarynakharko/Documents/workspace/lv186/C:\Program Files (x86)\Google\Chrome\Application\chromedriver.exe"
StackTrace:
java.lang.IllegalStateException: The driver executable does not exist: /Users/yarynakharko/Documents/workspace/lv186/C:\Program Files (x86)\Google\Chrome\Application\chromedriver.exe
	at com.google.common.base.Preconditions.checkState(Preconditions.java:197)
	at org.openqa.selenium.remote.service.DriverService.checkExecutable(DriverService.java:117)
	at org.openqa.selenium.remote.service.DriverService.findExecutable(DriverService.java:112)
	at org.openqa.selenium.chrome.ChromeDriverService.createDefaultService(ChromeDriverService.java:75)
	at org.openqa.selenium.chrome.ChromeDriver.&lt;init&gt;(ChromeDriver.java:107)
	at com.softserve.edu.magento.tools.BrowserRepository$ChromeTemporary.getBrowser(BrowserRepository.java:26)
	at com.softserve.edu.magento.tools.BrowserRepository$BrowsersList.getWebDriver(BrowserRepository.java:83)
	at com.softserve.edu.magento.tools.Application.startBrowser(Application.java:35)
	at com.softserve.edu.magento.tools.Application.&lt;init&gt;(Application.java:19)
	at com.softserve.edu.magento.pages.admin.ApplicationAdmin.&lt;init&gt;(ApplicationAdmin.java:14)
	at com.softserve.edu.magento.pages.admin.ApplicationAdmin.get(ApplicationAdmin.java:18)
	at com.softserve.edu.magento.tests.PreSmokeTest.checkAdminLogon2(PreSmokeTest.java:93)
	at sun.reflect.NativeMethodAccessorImpl.invoke0(Native Method)
	at sun.reflect.NativeMethodAccessorImpl.invoke(NativeMethodAccessorImpl.java:62)
	at sun.reflect.DelegatingMethodAccessorImpl.invoke(DelegatingMethodAccessorImpl.java:43)
	at java.lang.reflect.Method.invoke(Method.java:498)
	at org.testng.internal.MethodInvocationHelper.invokeMethod(MethodInvocationHelper.java:86)
	at org.testng.internal.Invoker.invokeMethod(Invoker.java:643)
	at org.testng.internal.Invoker.invokeTestMethod(Invoker.java:820)
	at org.testng.internal.Invoker.invokeTestMethods(Invoker.java:1128)
	at org.testng.internal.TestMethodWorker.invokeTestMethods(TestMethodWorker.java:129)
	at org.testng.internal.TestMethodWorker.run(TestMethodWorker.java:112)
	at org.testng.TestRunner.privateRun(TestRunner.java:782)
	at org.testng.TestRunner.run(TestRunner.java:632)
	at org.testng.SuiteRunner.runTest(SuiteRunner.java:366)
	at org.testng.SuiteRunner.runSequentially(SuiteRunner.java:361)
	at org.testng.SuiteRunner.privateRun(SuiteRunner.java:319)
	at org.testng.SuiteRunner.run(SuiteRunner.java:268)
	at org.testng.SuiteRunnerWorker.runSuite(SuiteRunnerWorker.java:52)
	at org.testng.SuiteRunnerWorker.run(SuiteRunnerWorker.java:86)
	at org.testng.TestNG.runSuitesSequentially(TestNG.java:1244)
	at org.testng.TestNG.runSuitesLocally(TestNG.java:1169)
	at org.testng.TestNG.run(TestNG.java:1064)
	at org.apache.maven.surefire.testng.TestNGExecutor.run(TestNGExecutor.java:281)
	at org.apache.maven.surefire.testng.TestNGXmlTestSuite.execute(TestNGXmlTestSuite.java:75)
	at org.apache.maven.surefire.testng.TestNGProvider.invoke(TestNGProvider.java:121)
	at org.apache.maven.surefire.booter.ForkedBooter.invokeProviderInSameClassLoader(ForkedBooter.java:290)
	at org.apache.maven.surefire.booter.ForkedBooter.runSuitesInProcess(ForkedBooter.java:242)
	at org.apache.maven.surefire.booter.ForkedBooter.main(ForkedBooter.java:121)
<br></br></message><message time="2016/08/15 11:27:58.071" level="INFO"><a href="img/checkAdminLogon2.xml.png"><img src="img/checkAdminLogon2.xml_thumb.png"></img></a></message><message time="15 серп., 11:27:58.074" level="VERBOSE" message="PreSmokeTest.checkAdminLogon2(com.softserve.edu.magento.data.ApplicationSources@c8e4bb0, com.softserve.edu.magento.data.admin.AdminUser@6279cee3) Elapsed = 919 ms.">PreSmokeTest.checkAdminLogon2(com.softserve.edu.magento.data.ApplicationSources@c8e4bb0, com.softserve.edu.magento.data.admin.AdminUser@6279cee3) Elapsed = 919 ms.<br></br></message><message time="15 серп., 11:27:58.150" level="FAILURE" message="Test result message">Test result message<br></br></message><message time="15 серп., 11:27:58.167" level="FAILURE" message="Test Result">Test Result<br></br></message><end-report-metadata value="72,1 MB" key="Test process RAM"></end-report-metadata><end-report-metadata value="30.0%" key="Test process CPU"></end-report-metadata><end-report-metadata value="00:00:01.156" key="Test Duration"></end-report-metadata><end-report-metadata value="0" key="Number of unique BMs calls"></end-report-metadata><end-report-metadata value="71.0%" key="CPU Load"></end-report-metadata><end-report-metadata value="0" key="Number of BMs calls"></end-report-metadata><end-report-metadata value="26,2 MB" key="RAM available"></end-report-metadata></report><?xml-stylesheet type='text/xsl' href='checkAdminLogon2.html.xslt'?>